<?xml version="1.0" encoding="UTF-8"?>
<!-- Generated by org.testng.reporters.JUnitReportReporter -->
<testsuite hostname="DESKTOP-3NLNO6U" name="testcases.TC_001" tests="1" failures="0" timestamp="5 Jan 2021 01:38:00 GMT" time="10.147" errors="0">
  <testcase name="testcase1" time="10.147" classname="testcases.TC_001"/>
</testsuite> <!-- testcases.TC_001 -->
